<?xml version="1.0" encoding="UTF-8"?>
<!-- Generated by org.testng.reporters.JUnitReportReporter -->
<testsuite hostname="DESKTOP-DLOB2H4" failures="0" tests="1" name="RunnerPackage.RunnerClass" time="22.568" errors="0" timestamp="2023-12-20T18:18:48 IST" skipped="0">
  <testcase classname="RunnerPackage.RunnerClass" name="runScenario" time="22.568"/>
</testsuite> <!-- RunnerPackage.RunnerClass -->
